# JRE version: OpenJDK Runtime Environment Corretto-11.0.12.7.1 (11.0.12+7) (build 11.0.12+7-LTS)
# Java VM: OpenJDK 64-Bit Server VM Corretto-11.0.12.7.1 (11.0.12+7-LTS, mixed mode, tiered, compressed oops, g1 gc, windows-amd64)
Heap:
 garbage-first heap   total 262144K, used 105608K [0x00000000e0000000, 0x0000000100000000)
  region size 1024K, 86 young (88064K), 7 survivors (7168K)
 Metaspace       used 42364K, capacity 43310K, committed 43340K, reserved 292864K
  class space    used 5360K, capacity 5735K, committed 5760K, reserved 253952K
GC Heap History (14 events):
Event: 1.330 GC heap before
{Heap before GC invocations=0 (full 0):
 garbage-first heap   total 262144K, used 16384K [0x00000000e0000000, 0x0000000100000000)
  region size 1024K, 14 young (14336K), 0 survivors (0K)
 Metaspace       used 6744K, capacity 6937K, committed 7168K, reserved 262144K
  class space    used 582K, capacity 650K, committed 768K, reserved 253952K
}
Event: 1.345 GC heap after
{Heap after GC invocations=1 (full 0):
 garbage-first heap   total 262144K, used 4852K [0x00000000e0000000, 0x0000000100000000)
  region size 1024K, 2 young (2048K), 2 survivors (2048K)
 Metaspace       used 6744K, capacity 6937K, committed 7168K, reserved 262144K
  class space    used 582K, capacity 650K, committed 768K, reserved 253952K
}
Event: 2.101 GC heap before
{Heap before GC invocations=1 (full 0):
 garbage-first heap   total 262144K, used 20212K [0x00000000e0000000, 0x0000000100000000)
  region size 1024K, 14 young (14336K), 2 survivors (2048K)
 Metaspace       used 10178K, capacity 10498K, committed 10624K, reserved 264192K
  class space    used 1057K, capacity 1138K, committed 1152K, reserved 253952K
}
Event: 2.107 GC heap after
{Heap after GC invocations=2 (full 0):
 garbage-first heap   total 262144K, used 9651K [0x00000000e0000000, 0x0000000100000000)
  region size 1024K, 2 young (2048K), 2 survivors (2048K)
 Metaspace       used 10178K, capacity 10498K, committed 10624K, reserved 264192K
  class space    used 1057K, capacity 1138K, committed 1152K, reserved 253952K
}
Event: 3.594 GC heap before
{Heap before GC invocations=2 (full 0):
 garbage-first heap   total 262144K, used 40371K [0x00000000e0000000, 0x0000000100000000)
  region size 1024K, 31 young (31744K), 2 survivors (2048K)
 Metaspace       used 11132K, capacity 11451K, committed 11520K, reserved 264192K
  class space    used 1160K, capacity 1242K, committed 1280K, reserved 253952K
}
Event: 3.598 GC heap after
{Heap after GC invocations=3 (full 0):
 garbage-first heap   total 262144K, used 12663K [0x00000000e0000000, 0x0000000100000000)
  region size 1024K, 4 young (4096K), 4 survivors (4096K)
 Metaspace       used 11132K, capacity 11451K, committed 11520K, reserved 264192K
  class space    used 1160K, capacity 1242K, committed 1280K, reserved 253952K
}
Event: 15.719 GC heap before
{Heap before GC invocations=3 (full 0):
 garbage-first heap   total 262144K, used 54647K [0x00000000e0000000, 0x0000000100000000)
  region size 1024K, 46 young (47104K), 4 survivors (4096K)
 Metaspace       used 17552K, capacity 17999K, committed 18176K, reserved 270336K
  class space    used 2068K, capacity 2217K, committed 2304K, reserved 253952K
}
Event: 15.731 GC heap after
{Heap after GC invocations=4 (full 0):
 garbage-first heap   total 262144K, used 16407K [0x00000000e0000000, 0x0000000100000000)
  region size 1024K, 6 young (6144K), 6 survivors (6144K)
 Metaspace       used 17552K, capacity 17999K, committed 18176K, reserved 270336K
  class space    used 2068K, capacity 2217K, committed 2304K, reserved 253952K
}
Event: 16.292 GC heap before
{Heap before GC invocations=4 (full 0):
 garbage-first heap   total 262144K, used 42007K [0x00000000e0000000, 0x0000000100000000)
  region size 1024K, 32 young (32768K), 6 survivors (6144K)
 Metaspace       used 20554K, capacity 21097K, committed 21248K, reserved 272384K
  class space    used 2511K, capacity 2700K, committed 2816K, reserved 253952K
}
Event: 16.304 GC heap after
{Heap after GC invocations=5 (full 0):
 garbage-first heap   total 262144K, used 17431K [0x00000000e0000000, 0x0000000100000000)
  region size 1024K, 7 young (7168K), 7 survivors (7168K)
 Metaspace       used 20554K, capacity 21097K, committed 21248K, reserved 272384K
  class space    used 2511K, capacity 2700K, committed 2816K, reserved 253952K
}
Event: 18.613 GC heap before
{Heap before GC invocations=6 (full 0):
 garbage-first heap   total 262144K, used 77847K [0x00000000e0000000, 0x0000000100000000)
  region size 1024K, 66 young (67584K), 7 survivors (7168K)
 Metaspace       used 26288K, capacity 26907K, committed 27008K, reserved 278528K
  class space    used 3448K, capacity 3664K, committed 3712K, reserved 253952K
}
Event: 18.628 GC heap after
{Heap after GC invocations=7 (full 0):
 garbage-first heap   total 262144K, used 19478K [0x00000000e0000000, 0x0000000100000000)
  region size 1024K, 4 young (4096K), 4 survivors (4096K)
 Metaspace       used 26288K, capacity 26907K, committed 27008K, reserved 278528K
  class space    used 3448K, capacity 3664K, committed 3712K, reserved 253952K
}
Event: 20.660 GC heap before
{Heap before GC invocations=7 (full 0):
 garbage-first heap   total 262144K, used 70678K [0x00000000e0000000, 0x0000000100000000)
  region size 1024K, 55 young (56320K), 4 survivors (4096K)
 Metaspace       used 34906K, capacity 35675K, committed 35840K, reserved 286720K
  class space    used 4553K, capacity 4842K, committed 4864K, reserved 253952K
}
Event: 20.683 GC heap after
{Heap after GC invocations=8 (full 0):
 garbage-first heap   total 262144K, used 22664K [0x00000000e0000000, 0x0000000100000000)
  region size 1024K, 7 young (7168K), 7 survivors (7168K)
 Metaspace       used 34906K, capacity 35675K, committed 35840K, reserved 286720K
  class space    used 4553K, capacity 4842K, committed 4864K, reserved 253952K
}

