# JRE version: Java(TM) SE Runtime Environment (8.0_77-b03) (build 1.8.0_77-b03)
# Java VM: Java HotSpot(TM) 64-Bit Server VM (25.77-b03 mixed mode windows-amd64 compressed oops)
Heap:
 PSYoungGen      total 145408K, used 47482K [0x00000000f5580000, 0x0000000100000000, 0x0000000100000000)
  eden space 120320K, 24% used [0x00000000f5580000,0x00000000f71d6490,0x00000000fcb00000)
  from space 25088K, 73% used [0x00000000fe780000,0x00000000ff988538,0x0000000100000000)
  to   space 27136K, 0% used [0x00000000fcb00000,0x00000000fcb00000,0x00000000fe580000)
 ParOldGen       total 185344K, used 80583K [0x00000000e0000000, 0x00000000eb500000, 0x00000000f5580000)
  object space 185344K, 43% used [0x00000000e0000000,0x00000000e4eb1e70,0x00000000eb500000)
 Metaspace       used 72136K, capacity 77250K, committed 77440K, reserved 1116160K
  class space    used 9874K, capacity 10774K, committed 10880K, reserved 1048576K
GC Heap History (10 events):
Event: 179.195 GC heap before
{Heap before GC invocations=23 (full 3):
 PSYoungGen      total 150016K, used 130292K [0x00000000f5580000, 0x0000000100000000, 0x0000000100000000)
  eden space 126976K, 100% used [0x00000000f5580000,0x00000000fd180000,0x00000000fd180000)
  from space 23040K, 14% used [0x00000000fd180000,0x00000000fd4bd108,0x00000000fe800000)
  to   space 23040K, 0% used [0x00000000fe980000,0x00000000fe980000,0x0000000100000000)
 ParOldGen       total 185344K, used 71365K [0x00000000e0000000, 0x00000000eb500000, 0x00000000f5580000)
  object space 185344K, 38% used [0x00000000e0000000,0x00000000e45b1640,0x00000000eb500000)
 Metaspace       used 60761K, capacity 64870K, committed 64896K, reserved 1105920K
  class space    used 8294K, capacity 9066K, committed 9088K, reserved 1048576K
Event: 179.220 GC heap after
Heap after GC invocations=23 (full 3):
 PSYoungGen      total 149504K, used 5874K [0x00000000f5580000, 0x00000000ffe00000, 0x0000000100000000)
  eden space 128512K, 0% used [0x00000000f5580000,0x00000000f5580000,0x00000000fd300000)
  from space 20992K, 27% used [0x00000000fe980000,0x00000000fef3cb10,0x00000000ffe00000)
  to   space 22016K, 0% used [0x00000000fd300000,0x00000000fd300000,0x00000000fe880000)
 ParOldGen       total 185344K, used 72078K [0x00000000e0000000, 0x00000000eb500000, 0x00000000f5580000)
  object space 185344K, 38% used [0x00000000e0000000,0x00000000e4663ac0,0x00000000eb500000)
 Metaspace       used 60761K, capacity 64870K, committed 64896K, reserved 1105920K
  class space    used 8294K, capacity 9066K, committed 9088K, reserved 1048576K
}
Event: 186.359 GC heap before
{Heap before GC invocations=24 (full 3):
 PSYoungGen      total 149504K, used 134386K [0x00000000f5580000, 0x00000000ffe00000, 0x0000000100000000)
  eden space 128512K, 100% used [0x00000000f5580000,0x00000000fd300000,0x00000000fd300000)
  from space 20992K, 27% used [0x00000000fe980000,0x00000000fef3cb10,0x00000000ffe00000)
  to   space 22016K, 0% used [0x00000000fd300000,0x00000000fd300000,0x00000000fe880000)
 ParOldGen       total 185344K, used 72078K [0x00000000e0000000, 0x00000000eb500000, 0x00000000f5580000)
  object space 185344K, 38% used [0x00000000e0000000,0x00000000e4663ac0,0x00000000eb500000)
 Metaspace       used 68090K, capacity 72736K, committed 72960K, reserved 1112064K
  class space    used 9333K, capacity 10210K, committed 10240K, reserved 1048576K
Event: 186.377 GC heap after
Heap after GC invocations=24 (full 3):
 PSYoungGen      total 150528K, used 11130K [0x00000000f5580000, 0x0000000100000000, 0x0000000100000000)
  eden space 128512K, 0% used [0x00000000f5580000,0x00000000f5580000,0x00000000fd300000)
  from space 22016K, 50% used [0x00000000fd300000,0x00000000fddde9d0,0x00000000fe880000)
  to   space 21504K, 0% used [0x00000000feb00000,0x00000000feb00000,0x0000000100000000)
 ParOldGen       total 185344K, used 75076K [0x00000000e0000000, 0x00000000eb500000, 0x00000000f5580000)
  object space 185344K, 40% used [0x00000000e0000000,0x00000000e49513e8,0x00000000eb500000)
 Metaspace       used 68090K, capacity 72736K, committed 72960K, reserved 1112064K
  class space    used 9333K, capacity 10210K, committed 10240K, reserved 1048576K
}
Event: 188.408 GC heap before
{Heap before GC invocations=25 (full 3):
 PSYoungGen      total 150528K, used 139642K [0x00000000f5580000, 0x0000000100000000, 0x0000000100000000)
  eden space 128512K, 100% used [0x00000000f5580000,0x00000000fd300000,0x00000000fd300000)
  from space 22016K, 50% used [0x00000000fd300000,0x00000000fddde9d0,0x00000000fe880000)
  to   space 21504K, 0% used [0x00000000feb00000,0x00000000feb00000,0x0000000100000000)
 ParOldGen       total 185344K, used 75076K [0x00000000e0000000, 0x00000000eb500000, 0x00000000f5580000)
  object space 185344K, 40% used [0x00000000e0000000,0x00000000e49513e8,0x00000000eb500000)
 Metaspace       used 68573K, capacity 73328K, committed 73600K, reserved 1112064K
  class space    used 9363K, capacity 10274K, committed 10368K, reserved 1048576K
Event: 188.440 GC heap after
Heap after GC invocations=25 (full 3):
 PSYoungGen      total 150016K, used 16580K [0x00000000f5580000, 0x0000000100000000, 0x0000000100000000)
  eden space 128512K, 0% used [0x00000000f5580000,0x00000000f5580000,0x00000000fd300000)
  from space 21504K, 77% used [0x00000000feb00000,0x00000000ffb313d0,0x0000000100000000)
  to   space 23040K, 0% used [0x00000000fd300000,0x00000000fd300000,0x00000000fe980000)
 ParOldGen       total 185344K, used 75076K [0x00000000e0000000, 0x00000000eb500000, 0x00000000f5580000)
  object space 185344K, 40% used [0x00000000e0000000,0x00000000e49513e8,0x00000000eb500000)
 Metaspace       used 68573K, capacity 73328K, committed 73600K, reserved 1112064K
  class space    used 9363K, capacity 10274K, committed 10368K, reserved 1048576K
}
Event: 190.363 GC heap before
{Heap before GC invocations=26 (full 3):
 PSYoungGen      total 150016K, used 145092K [0x00000000f5580000, 0x0000000100000000, 0x0000000100000000)
  eden space 128512K, 100% used [0x00000000f5580000,0x00000000fd300000,0x00000000fd300000)
  from space 21504K, 77% used [0x00000000feb00000,0x00000000ffb313d0,0x0000000100000000)
  to   space 23040K, 0% used [0x00000000fd300000,0x00000000fd300000,0x00000000fe980000)
 ParOldGen       total 185344K, used 75076K [0x00000000e0000000, 0x00000000eb500000, 0x00000000f5580000)
  object space 185344K, 40% used [0x00000000e0000000,0x00000000e49513e8,0x00000000eb500000)
 Metaspace       used 68737K, capacity 73472K, committed 73600K, reserved 1112064K
  class space    used 9372K, capacity 10276K, committed 10368K, reserved 1048576K
Event: 190.402 GC heap after
Heap after GC invocations=26 (full 3):
 PSYoungGen      total 149504K, used 20766K [0x00000000f5580000, 0x0000000100000000, 0x0000000100000000)
  eden space 128512K, 0% used [0x00000000f5580000,0x00000000f5580000,0x00000000fd300000)
  from space 20992K, 98% used [0x00000000fd300000,0x00000000fe747a88,0x00000000fe780000)
  to   space 25088K, 0% used [0x00000000fe780000,0x00000000fe780000,0x0000000100000000)
 ParOldGen       total 185344K, used 75084K [0x00000000e0000000, 0x00000000eb500000, 0x00000000f5580000)
  object space 185344K, 40% used [0x00000000e0000000,0x00000000e49533e8,0x00000000eb500000)
 Metaspace       used 68737K, capacity 73472K, committed 73600K, reserved 1112064K
  class space    used 9372K, capacity 10276K, committed 10368K, reserved 1048576K
}
Event: 192.219 GC heap before
{Heap before GC invocations=27 (full 3):
 PSYoungGen      total 149504K, used 149278K [0x00000000f5580000, 0x0000000100000000, 0x0000000100000000)
  eden space 128512K, 100% used [0x00000000f5580000,0x00000000fd300000,0x00000000fd300000)
  from space 20992K, 98% used [0x00000000fd300000,0x00000000fe747a88,0x00000000fe780000)
  to   space 25088K, 0% used [0x00000000fe780000,0x00000000fe780000,0x0000000100000000)
 ParOldGen       total 185344K, used 75084K [0x00000000e0000000, 0x00000000eb500000, 0x00000000f5580000)
  object space 185344K, 40% used [0x00000000e0000000,0x00000000e49533e8,0x00000000eb500000)
 Metaspace       used 71239K, capacity 76412K, committed 76544K, reserved 1116160K
  class space    used 9745K, capacity 10671K, committed 10752K, reserved 1048576K
Event: 192.263 GC heap after
Heap after GC invocations=27 (full 3):
 PSYoungGen      total 145408K, used 18465K [0x00000000f5580000, 0x0000000100000000, 0x0000000100000000)
  eden space 120320K, 0% used [0x00000000f5580000,0x00000000f5580000,0x00000000fcb00000)
  from space 25088K, 73% used [0x00000000fe780000,0x00000000ff988538,0x0000000100000000)
  to   space 27136K, 0% used [0x00000000fcb00000,0x00000000fcb00000,0x00000000fe580000)
 ParOldGen       total 185344K, used 80583K [0x00000000e0000000, 0x00000000eb500000, 0x00000000f5580000)
  object space 185344K, 43% used [0x00000000e0000000,0x00000000e4eb1e70,0x00000000eb500000)
 Metaspace       used 71239K, capacity 76412K, committed 76544K, reserved 1116160K
  class space    used 9745K, capacity 10671K, committed 10752K, reserved 1048576K
}

