# JRE version: OpenJDK Runtime Environment Corretto-11.0.12.7.1 (11.0.12+7) (build 11.0.12+7-LTS)
# Java VM: OpenJDK 64-Bit Server VM Corretto-11.0.12.7.1 (11.0.12+7-LTS, mixed mode, tiered, compressed oops, g1 gc, windows-amd64)
Heap:
 garbage-first heap   total 262144K, used 127783K [0x00000000e0000000, 0x0000000100000000)
  region size 1024K, 108 young (110592K), 7 survivors (7168K)
 Metaspace       used 43831K, capacity 44814K, committed 44928K, reserved 292864K
  class space    used 5596K, capacity 5983K, committed 6016K, reserved 253952K
GC Heap History (14 events):
Event: 2.542 GC heap before
{Heap before GC invocations=0 (full 0):
 garbage-first heap   total 262144K, used 16384K [0x00000000e0000000, 0x0000000100000000)
  region size 1024K, 14 young (14336K), 0 survivors (0K)
 Metaspace       used 6747K, capacity 6937K, committed 7168K, reserved 262144K
  class space    used 582K, capacity 650K, committed 768K, reserved 253952K
}
Event: 2.550 GC heap after
{Heap after GC invocations=1 (full 0):
 garbage-first heap   total 262144K, used 4465K [0x00000000e0000000, 0x0000000100000000)
  region size 1024K, 2 young (2048K), 2 survivors (2048K)
 Metaspace       used 6747K, capacity 6937K, committed 7168K, reserved 262144K
  class space    used 582K, capacity 650K, committed 768K, reserved 253952K
}
Event: 3.508 GC heap before
{Heap before GC invocations=1 (full 0):
 garbage-first heap   total 262144K, used 18801K [0x00000000e0000000, 0x0000000100000000)
  region size 1024K, 13 young (13312K), 2 survivors (2048K)
 Metaspace       used 10173K, capacity 10498K, committed 10624K, reserved 264192K
  class space    used 1058K, capacity 1138K, committed 1152K, reserved 253952K
}
Event: 3.516 GC heap after
{Heap after GC invocations=2 (full 0):
 garbage-first heap   total 262144K, used 9614K [0x00000000e0000000, 0x0000000100000000)
  region size 1024K, 2 young (2048K), 2 survivors (2048K)
 Metaspace       used 10173K, capacity 10498K, committed 10624K, reserved 264192K
  class space    used 1058K, capacity 1138K, committed 1152K, reserved 253952K
}
Event: 5.282 GC heap before
{Heap before GC invocations=2 (full 0):
 garbage-first heap   total 262144K, used 39310K [0x00000000e0000000, 0x0000000100000000)
  region size 1024K, 30 young (30720K), 2 survivors (2048K)
 Metaspace       used 11135K, capacity 11451K, committed 11520K, reserved 264192K
  class space    used 1161K, capacity 1242K, committed 1280K, reserved 253952K
}
Event: 5.287 GC heap after
{Heap after GC invocations=3 (full 0):
 garbage-first heap   total 262144K, used 12526K [0x00000000e0000000, 0x0000000100000000)
  region size 1024K, 4 young (4096K), 4 survivors (4096K)
 Metaspace       used 11135K, capacity 11451K, committed 11520K, reserved 264192K
  class space    used 1161K, capacity 1242K, committed 1280K, reserved 253952K
}
Event: 17.744 GC heap before
{Heap before GC invocations=3 (full 0):
 garbage-first heap   total 262144K, used 53486K [0x00000000e0000000, 0x0000000100000000)
  region size 1024K, 45 young (46080K), 4 survivors (4096K)
 Metaspace       used 17338K, capacity 17807K, committed 18048K, reserved 270336K
  class space    used 2023K, capacity 2153K, committed 2176K, reserved 253952K
}
Event: 17.755 GC heap after
{Heap after GC invocations=4 (full 0):
 garbage-first heap   total 262144K, used 15795K [0x00000000e0000000, 0x0000000100000000)
  region size 1024K, 6 young (6144K), 6 survivors (6144K)
 Metaspace       used 17338K, capacity 17807K, committed 18048K, reserved 270336K
  class space    used 2023K, capacity 2153K, committed 2176K, reserved 253952K
}
Event: 19.391 GC heap before
{Heap before GC invocations=4 (full 0):
 garbage-first heap   total 262144K, used 42419K [0x00000000e0000000, 0x0000000100000000)
  region size 1024K, 33 young (33792K), 6 survivors (6144K)
 Metaspace       used 20546K, capacity 21097K, committed 21248K, reserved 272384K
  class space    used 2507K, capacity 2700K, committed 2816K, reserved 253952K
}
Event: 19.404 GC heap after
{Heap after GC invocations=5 (full 0):
 garbage-first heap   total 262144K, used 17251K [0x00000000e0000000, 0x0000000100000000)
  region size 1024K, 6 young (6144K), 6 survivors (6144K)
 Metaspace       used 20546K, capacity 21097K, committed 21248K, reserved 272384K
  class space    used 2507K, capacity 2700K, committed 2816K, reserved 253952K
}
Event: 22.384 GC heap before
{Heap before GC invocations=6 (full 0):
 garbage-first heap   total 262144K, used 69475K [0x00000000e0000000, 0x0000000100000000)
  region size 1024K, 57 young (58368K), 6 survivors (6144K)
 Metaspace       used 25742K, capacity 26414K, committed 26624K, reserved 278528K
  class space    used 3353K, capacity 3583K, committed 3584K, reserved 253952K
}
Event: 22.397 GC heap after
{Heap after GC invocations=7 (full 0):
 garbage-first heap   total 262144K, used 18954K [0x00000000e0000000, 0x0000000100000000)
  region size 1024K, 4 young (4096K), 4 survivors (4096K)
 Metaspace       used 25742K, capacity 26414K, committed 26624K, reserved 278528K
  class space    used 3353K, capacity 3583K, committed 3584K, reserved 253952K
}
Event: 28.169 GC heap before
{Heap before GC invocations=7 (full 0):
 garbage-first heap   total 262144K, used 80394K [0x00000000e0000000, 0x0000000100000000)
  region size 1024K, 65 young (66560K), 4 survivors (4096K)
 Metaspace       used 34997K, capacity 35800K, committed 35840K, reserved 286720K
  class space    used 4560K, capacity 4842K, committed 4864K, reserved 253952K
}
Event: 28.192 GC heap after
{Heap after GC invocations=8 (full 0):
 garbage-first heap   total 262144K, used 22311K [0x00000000e0000000, 0x0000000100000000)
  region size 1024K, 7 young (7168K), 7 survivors (7168K)
 Metaspace       used 34997K, capacity 35800K, committed 35840K, reserved 286720K
  class space    used 4560K, capacity 4842K, committed 4864K, reserved 253952K
}

