# JRE version: Java(TM) SE Runtime Environment (8.0_77-b03) (build 1.8.0_77-b03)
# Java VM: Java HotSpot(TM) 64-Bit Server VM (25.77-b03 mixed mode windows-amd64 compressed oops)
Heap:
 PSYoungGen      total 151040K, used 113010K [0x00000000f5580000, 0x0000000100000000, 0x0000000100000000)
  eden space 127488K, 81% used [0x00000000f5580000,0x00000000fbae2f20,0x00000000fd200000)
  from space 23552K, 39% used [0x00000000fd200000,0x00000000fdaf9960,0x00000000fe900000)
  to   space 22528K, 0% used [0x00000000fea00000,0x00000000fea00000,0x0000000100000000)
 ParOldGen       total 175104K, used 48878K [0x00000000e0000000, 0x00000000eab00000, 0x00000000f5580000)
  object space 175104K, 27% used [0x00000000e0000000,0x00000000e2fbbb00,0x00000000eab00000)
 Metaspace       used 61761K, capacity 66438K, committed 66520K, reserved 1105920K
  class space    used 8616K, capacity 9456K, committed 9472K, reserved 1048576K
GC Heap History (10 events):
Event: 35.405 GC heap before
{Heap before GC invocations=14 (full 2):
 PSYoungGen      total 154112K, used 146016K [0x00000000f5580000, 0x0000000100000000, 0x0000000100000000)
  eden space 133632K, 100% used [0x00000000f5580000,0x00000000fd800000,0x00000000fd800000)
  from space 20480K, 60% used [0x00000000fd800000,0x00000000fe418010,0x00000000fec00000)
  to   space 19968K, 0% used [0x00000000fec80000,0x00000000fec80000,0x0000000100000000)
 ParOldGen       total 175104K, used 37509K [0x00000000e0000000, 0x00000000eab00000, 0x00000000f5580000)
  object space 175104K, 21% used [0x00000000e0000000,0x00000000e24a14e8,0x00000000eab00000)
 Metaspace       used 53817K, capacity 57354K, committed 57600K, reserved 1099776K
  class space    used 7516K, capacity 8141K, committed 8192K, reserved 1048576K
Event: 35.437 GC heap after
Heap after GC invocations=14 (full 2):
 PSYoungGen      total 153600K, used 14774K [0x00000000f5580000, 0x0000000100000000, 0x0000000100000000)
  eden space 133632K, 0% used [0x00000000f5580000,0x00000000f5580000,0x00000000fd800000)
  from space 19968K, 73% used [0x00000000fec80000,0x00000000ffaeda78,0x0000000100000000)
  to   space 20480K, 0% used [0x00000000fd800000,0x00000000fd800000,0x00000000fec00000)
 ParOldGen       total 175104K, used 37517K [0x00000000e0000000, 0x00000000eab00000, 0x00000000f5580000)
  object space 175104K, 21% used [0x00000000e0000000,0x00000000e24a34e8,0x00000000eab00000)
 Metaspace       used 53817K, capacity 57354K, committed 57600K, reserved 1099776K
  class space    used 7516K, capacity 8141K, committed 8192K, reserved 1048576K
}
Event: 37.696 GC heap before
{Heap before GC invocations=15 (full 2):
 PSYoungGen      total 153600K, used 117549K [0x00000000f5580000, 0x0000000100000000, 0x0000000100000000)
  eden space 133632K, 76% used [0x00000000f5580000,0x00000000fb9ddb60,0x00000000fd800000)
  from space 19968K, 73% used [0x00000000fec80000,0x00000000ffaeda78,0x0000000100000000)
  to   space 20480K, 0% used [0x00000000fd800000,0x00000000fd800000,0x00000000fec00000)
 ParOldGen       total 175104K, used 37517K [0x00000000e0000000, 0x00000000eab00000, 0x00000000f5580000)
  object space 175104K, 21% used [0x00000000e0000000,0x00000000e24a34e8,0x00000000eab00000)
 Metaspace       used 55256K, capacity 58966K, committed 59096K, reserved 1099776K
  class space    used 7713K, capacity 8372K, committed 8448K, reserved 1048576K
Event: 37.736 GC heap after
Heap after GC invocations=15 (full 2):
 PSYoungGen      total 154112K, used 20166K [0x00000000f5580000, 0x0000000100000000, 0x0000000100000000)
  eden space 133632K, 0% used [0x00000000f5580000,0x00000000f5580000,0x00000000fd800000)
  from space 20480K, 98% used [0x00000000fd800000,0x00000000febb18b0,0x00000000fec00000)
  to   space 20480K, 0% used [0x00000000fec00000,0x00000000fec00000,0x0000000100000000)
 ParOldGen       total 175104K, used 37525K [0x00000000e0000000, 0x00000000eab00000, 0x00000000f5580000)
  object space 175104K, 21% used [0x00000000e0000000,0x00000000e24a54e8,0x00000000eab00000)
 Metaspace       used 55256K, capacity 58966K, committed 59096K, reserved 1099776K
  class space    used 7713K, capacity 8372K, committed 8448K, reserved 1048576K
}
Event: 37.736 GC heap before
{Heap before GC invocations=16 (full 3):
 PSYoungGen      total 154112K, used 20166K [0x00000000f5580000, 0x0000000100000000, 0x0000000100000000)
  eden space 133632K, 0% used [0x00000000f5580000,0x00000000f5580000,0x00000000fd800000)
  from space 20480K, 98% used [0x00000000fd800000,0x00000000febb18b0,0x00000000fec00000)
  to   space 20480K, 0% used [0x00000000fec00000,0x00000000fec00000,0x0000000100000000)
 ParOldGen       total 175104K, used 37525K [0x00000000e0000000, 0x00000000eab00000, 0x00000000f5580000)
  object space 175104K, 21% used [0x00000000e0000000,0x00000000e24a54e8,0x00000000eab00000)
 Metaspace       used 55256K, capacity 58966K, committed 59096K, reserved 1099776K
  class space    used 7713K, capacity 8372K, committed 8448K, reserved 1048576K
Event: 38.292 GC heap after
Heap after GC invocations=16 (full 3):
 PSYoungGen      total 154112K, used 0K [0x00000000f5580000, 0x0000000100000000, 0x0000000100000000)
  eden space 133632K, 0% used [0x00000000f5580000,0x00000000f5580000,0x00000000fd800000)
  from space 20480K, 0% used [0x00000000fd800000,0x00000000fd800000,0x00000000fec00000)
  to   space 20480K, 0% used [0x00000000fec00000,0x00000000fec00000,0x0000000100000000)
 ParOldGen       total 175104K, used 48870K [0x00000000e0000000, 0x00000000eab00000, 0x00000000f5580000)
  object space 175104K, 27% used [0x00000000e0000000,0x00000000e2fb9b00,0x00000000eab00000)
 Metaspace       used 55247K, capacity 58936K, committed 59096K, reserved 1099776K
  class space    used 7710K, capacity 8367K, committed 8448K, reserved 1048576K
}
Event: 39.780 GC heap before
{Heap before GC invocations=17 (full 3):
 PSYoungGen      total 154112K, used 133632K [0x00000000f5580000, 0x0000000100000000, 0x0000000100000000)
  eden space 133632K, 100% used [0x00000000f5580000,0x00000000fd800000,0x00000000fd800000)
  from space 20480K, 0% used [0x00000000fd800000,0x00000000fd800000,0x00000000fec00000)
  to   space 20480K, 0% used [0x00000000fec00000,0x00000000fec00000,0x0000000100000000)
 ParOldGen       total 175104K, used 48870K [0x00000000e0000000, 0x00000000eab00000, 0x00000000f5580000)
  object space 175104K, 27% used [0x00000000e0000000,0x00000000e2fb9b00,0x00000000eab00000)
 Metaspace       used 58140K, capacity 61886K, committed 62040K, reserved 1101824K
  class space    used 8071K, capacity 8748K, committed 8832K, reserved 1048576K
Event: 39.785 GC heap after
Heap after GC invocations=17 (full 3):
 PSYoungGen      total 147968K, used 1561K [0x00000000f5580000, 0x0000000100000000, 0x0000000100000000)
  eden space 127488K, 0% used [0x00000000f5580000,0x00000000f5580000,0x00000000fd200000)
  from space 20480K, 7% used [0x00000000fec00000,0x00000000fed86630,0x0000000100000000)
  to   space 23552K, 0% used [0x00000000fd200000,0x00000000fd200000,0x00000000fe900000)
 ParOldGen       total 175104K, used 48878K [0x00000000e0000000, 0x00000000eab00000, 0x00000000f5580000)
  object space 175104K, 27% used [0x00000000e0000000,0x00000000e2fbbb00,0x00000000eab00000)
 Metaspace       used 58140K, capacity 61886K, committed 62040K, reserved 1101824K
  class space    used 8071K, capacity 8748K, committed 8832K, reserved 1048576K
}
Event: 117.562 GC heap before
{Heap before GC invocations=18 (full 3):
 PSYoungGen      total 147968K, used 129049K [0x00000000f5580000, 0x0000000100000000, 0x0000000100000000)
  eden space 127488K, 100% used [0x00000000f5580000,0x00000000fd200000,0x00000000fd200000)
  from space 20480K, 7% used [0x00000000fec00000,0x00000000fed86630,0x0000000100000000)
  to   space 23552K, 0% used [0x00000000fd200000,0x00000000fd200000,0x00000000fe900000)
 ParOldGen       total 175104K, used 48878K [0x00000000e0000000, 0x00000000eab00000, 0x00000000f5580000)
  object space 175104K, 27% used [0x00000000e0000000,0x00000000e2fbbb00,0x00000000eab00000)
 Metaspace       used 59586K, capacity 63846K, committed 64088K, reserved 1103872K
  class space    used 8264K, capacity 8966K, committed 9088K, reserved 1048576K
Event: 117.577 GC heap after
Heap after GC invocations=18 (full 3):
 PSYoungGen      total 151040K, used 9190K [0x00000000f5580000, 0x0000000100000000, 0x0000000100000000)
  eden space 127488K, 0% used [0x00000000f5580000,0x00000000f5580000,0x00000000fd200000)
  from space 23552K, 39% used [0x00000000fd200000,0x00000000fdaf9960,0x00000000fe900000)
  to   space 22528K, 0% used [0x00000000fea00000,0x00000000fea00000,0x0000000100000000)
 ParOldGen       total 175104K, used 48878K [0x00000000e0000000, 0x00000000eab00000, 0x00000000f5580000)
  object space 175104K, 27% used [0x00000000e0000000,0x00000000e2fbbb00,0x00000000eab00000)
 Metaspace       used 59586K, capacity 63846K, committed 64088K, reserved 1103872K
  class space    used 8264K, capacity 8966K, committed 9088K, reserved 1048576K
}

