# JRE version: OpenJDK Runtime Environment Corretto-11.0.12.7.1 (11.0.12+7) (build 11.0.12+7-LTS)
# Java VM: OpenJDK 64-Bit Server VM Corretto-11.0.12.7.1 (11.0.12+7-LTS, mixed mode, tiered, compressed oops, g1 gc, windows-amd64)
Heap:
 garbage-first heap   total 262144K, used 185379K [0x00000000e0000000, 0x0000000100000000)
  region size 1024K, 130 young (133120K), 16 survivors (16384K)
 Metaspace       used 69762K, capacity 71824K, committed 71936K, reserved 317440K
  class space    used 8838K, capacity 9673K, committed 9728K, reserved 253952K
GC Heap History (20 events):
Event: 22.085 GC heap before
{Heap before GC invocations=4 (full 0):
 garbage-first heap   total 262144K, used 60567K [0x00000000e0000000, 0x0000000100000000)
  region size 1024K, 49 young (50176K), 4 survivors (4096K)
 Metaspace       used 20128K, capacity 20625K, committed 20864K, reserved 272384K
  class space    used 2456K, capacity 2624K, committed 2688K, reserved 253952K
}
Event: 22.096 GC heap after
{Heap after GC invocations=5 (full 0):
 garbage-first heap   total 262144K, used 17685K [0x00000000e0000000, 0x0000000100000000)
  region size 1024K, 7 young (7168K), 7 survivors (7168K)
 Metaspace       used 20128K, capacity 20625K, committed 20864K, reserved 272384K
  class space    used 2456K, capacity 2624K, committed 2688K, reserved 253952K
}
Event: 22.309 GC heap before
{Heap before GC invocations=5 (full 0):
 garbage-first heap   total 262144K, used 19733K [0x00000000e0000000, 0x0000000100000000)
  region size 1024K, 10 young (10240K), 7 survivors (7168K)
 Metaspace       used 20541K, capacity 21097K, committed 21248K, reserved 272384K
  class space    used 2505K, capacity 2700K, committed 2816K, reserved 253952K
}
Event: 22.318 GC heap after
{Heap after GC invocations=6 (full 0):
 garbage-first heap   total 262144K, used 17496K [0x00000000e0000000, 0x0000000100000000)
  region size 1024K, 3 young (3072K), 3 survivors (3072K)
 Metaspace       used 20541K, capacity 21097K, committed 21248K, reserved 272384K
  class space    used 2505K, capacity 2700K, committed 2816K, reserved 253952K
}
Event: 26.982 GC heap before
{Heap before GC invocations=7 (full 0):
 garbage-first heap   total 262144K, used 74840K [0x00000000e0000000, 0x0000000100000000)
  region size 1024K, 59 young (60416K), 3 survivors (3072K)
 Metaspace       used 26109K, capacity 26812K, committed 27008K, reserved 278528K
  class space    used 3411K, capacity 3652K, committed 3712K, reserved 253952K
}
Event: 26.995 GC heap after
{Heap after GC invocations=8 (full 0):
 garbage-first heap   total 262144K, used 19368K [0x00000000e0000000, 0x0000000100000000)
  region size 1024K, 5 young (5120K), 5 survivors (5120K)
 Metaspace       used 26109K, capacity 26812K, committed 27008K, reserved 278528K
  class space    used 3411K, capacity 3652K, committed 3712K, reserved 253952K
}
Event: 32.888 GC heap before
{Heap before GC invocations=8 (full 0):
 garbage-first heap   total 262144K, used 72616K [0x00000000e0000000, 0x0000000100000000)
  region size 1024K, 58 young (59392K), 5 survivors (5120K)
 Metaspace       used 34815K, capacity 35586K, committed 35840K, reserved 286720K
  class space    used 4535K, capacity 4834K, committed 4864K, reserved 253952K
}
Event: 32.909 GC heap after
{Heap after GC invocations=9 (full 0):
 garbage-first heap   total 262144K, used 22844K [0x00000000e0000000, 0x0000000100000000)
  region size 1024K, 9 young (9216K), 9 survivors (9216K)
 Metaspace       used 34815K, capacity 35586K, committed 35840K, reserved 286720K
  class space    used 4535K, capacity 4834K, committed 4864K, reserved 253952K
}
Event: 41.374 GC heap before
{Heap before GC invocations=10 (full 0):
 garbage-first heap   total 262144K, used 110908K [0x00000000e0000000, 0x0000000100000000)
  region size 1024K, 92 young (94208K), 9 survivors (9216K)
 Metaspace       used 42670K, capacity 43601K, committed 43776K, reserved 292864K
  class space    used 5403K, capacity 5767K, committed 5888K, reserved 253952K
}
Event: 41.403 GC heap after
{Heap after GC invocations=11 (full 0):
 garbage-first heap   total 262144K, used 28694K [0x00000000e0000000, 0x0000000100000000)
  region size 1024K, 12 young (12288K), 12 survivors (12288K)
 Metaspace       used 42670K, capacity 43601K, committed 43776K, reserved 292864K
  class space    used 5403K, capacity 5767K, committed 5888K, reserved 253952K
}
Event: 54.305 GC heap before
{Heap before GC invocations=11 (full 0):
 garbage-first heap   total 262144K, used 173078K [0x00000000e0000000, 0x0000000100000000)
  region size 1024K, 153 young (156672K), 12 survivors (12288K)
 Metaspace       used 53530K, capacity 55074K, committed 55296K, reserved 303104K
  class space    used 7041K, capacity 7657K, committed 7680K, reserved 253952K
}
Event: 54.352 GC heap after
{Heap after GC invocations=12 (full 0):
 garbage-first heap   total 262144K, used 36465K [0x00000000e0000000, 0x0000000100000000)
  region size 1024K, 17 young (17408K), 17 survivors (17408K)
 Metaspace       used 53530K, capacity 55074K, committed 55296K, reserved 303104K
  class space    used 7041K, capacity 7657K, committed 7680K, reserved 253952K
}
Event: 83.390 GC heap before
{Heap before GC invocations=12 (full 0):
 garbage-first heap   total 262144K, used 175729K [0x00000000e0000000, 0x0000000100000000)
  region size 1024K, 153 young (156672K), 17 survivors (17408K)
 Metaspace       used 56363K, capacity 58014K, committed 58112K, reserved 305152K
  class space    used 7246K, capacity 7896K, committed 7936K, reserved 253952K
}
Event: 83.443 GC heap after
{Heap after GC invocations=13 (full 0):
 garbage-first heap   total 262144K, used 43266K [0x00000000e0000000, 0x0000000100000000)
  region size 1024K, 16 young (16384K), 16 survivors (16384K)
 Metaspace       used 56363K, capacity 58014K, committed 58112K, reserved 305152K
  class space    used 7246K, capacity 7896K, committed 7936K, reserved 253952K
}
Event: 90.780 GC heap before
{Heap before GC invocations=13 (full 0):
 garbage-first heap   total 262144K, used 182530K [0x00000000e0000000, 0x0000000100000000)
  region size 1024K, 153 young (156672K), 16 survivors (16384K)
 Metaspace       used 57967K, capacity 59712K, committed 59904K, reserved 307200K
  class space    used 7439K, capacity 8112K, committed 8192K, reserved 253952K
}
Event: 90.835 GC heap after
{Heap after GC invocations=14 (full 0):
 garbage-first heap   total 262144K, used 54915K [0x00000000e0000000, 0x0000000100000000)
  region size 1024K, 18 young (18432K), 18 survivors (18432K)
 Metaspace       used 57967K, capacity 59712K, committed 59904K, reserved 307200K
  class space    used 7439K, capacity 8112K, committed 8192K, reserved 253952K
}
Event: 91.274 GC heap before
{Heap before GC invocations=14 (full 0):
 garbage-first heap   total 262144K, used 66179K [0x00000000e0000000, 0x0000000100000000)
  region size 1024K, 30 young (30720K), 18 survivors (18432K)
 Metaspace       used 58121K, capacity 59818K, committed 59904K, reserved 307200K
  class space    used 7458K, capacity 8147K, committed 8192K, reserved 253952K
}
Event: 91.345 GC heap after
{Heap after GC invocations=15 (full 0):
 garbage-first heap   total 262144K, used 58094K [0x00000000e0000000, 0x0000000100000000)
  region size 1024K, 4 young (4096K), 4 survivors (4096K)
 Metaspace       used 58121K, capacity 59818K, committed 59904K, reserved 307200K
  class space    used 7458K, capacity 8147K, committed 8192K, reserved 253952K
}
Event: 103.436 GC heap before
{Heap before GC invocations=16 (full 0):
 garbage-first heap   total 262144K, used 189166K [0x00000000e0000000, 0x0000000100000000)
  region size 1024K, 131 young (134144K), 4 survivors (4096K)
 Metaspace       used 65160K, capacity 67119K, committed 67328K, reserved 313344K
  class space    used 8361K, capacity 9108K, committed 9216K, reserved 253952K
}
Event: 103.463 GC heap after
{Heap after GC invocations=17 (full 0):
 garbage-first heap   total 262144K, used 70691K [0x00000000e0000000, 0x0000000100000000)
  region size 1024K, 16 young (16384K), 16 survivors (16384K)
 Metaspace       used 65160K, capacity 67119K, committed 67328K, reserved 313344K
  class space    used 8361K, capacity 9108K, committed 9216K, reserved 253952K
}

